<?xml version="1.0" encoding="UTF-8"?>
<!-- Generated by org.testng.reporters.JUnitReportReporter -->
<testsuite name="SeleniumNewPackage.TestNG_Test1" tests="1" time="15.398" ignored="0" failures="0" timestamp="02 ene 2017 19:05:28 GMT" skipped="0" hostname="LuisDiaz-HP" errors="0">
  <testcase name="f" time="15.398" classname="SeleniumNewPackage.TestNG_Test1"/>
</testsuite> <!-- SeleniumNewPackage.TestNG_Test1 -->
