<?xml version="1.0" encoding="UTF-8"?>
<!-- Generated by org.testng.reporters.JUnitReportReporter -->
<testsuite name="SeleniumNewPackage.TestNG_Test2" tests="1" time="25.013" ignored="0" failures="0" timestamp="03 ene 2017 01:17:49 GMT" skipped="0" hostname="LuisDiaz-HP" errors="0">
  <testcase name="f" time="25.013" classname="SeleniumNewPackage.TestNG_Test2"/>
</testsuite> <!-- SeleniumNewPackage.TestNG_Test2 -->
