<?xml version="1.0" encoding="UTF-8"?>
<!-- Generated by org.testng.reporters.JUnitReportReporter -->
<testsuite name="SeleniumNewPackage.TestNG_Test2" tests="1" time="20.900" ignored="0" failures="0" timestamp="03 ene 2017 01:53:48 GMT" skipped="0" hostname="LuisDiaz-HP" errors="0">
  <testcase name="SelectFlight" time="20.900" classname="SeleniumNewPackage.TestNG_Test2"/>
</testsuite> <!-- SeleniumNewPackage.TestNG_Test2 -->
