<?xml version="1.0" encoding="UTF-8"?>
<!-- Generated by org.testng.reporters.JUnitReportReporter -->
<testsuite name="SeleniumNewPackage.TestNG_Test1" tests="1" time="13.375" ignored="0" failures="0" timestamp="02 ene 2017 21:46:59 GMT" skipped="0" hostname="LuisDiaz-HP" errors="0">
  <testcase name="f" time="13.375" classname="SeleniumNewPackage.TestNG_Test1"/>
</testsuite> <!-- SeleniumNewPackage.TestNG_Test1 -->
